Namespace(backbone='resnet50', batch_size=32, config='CoorAtt/cooratt.yaml', data_dir='/DB/rhome/yuhaowang/CV_DA/OfficeHomeDataset_10072016', device=device(type='cuda'), early_stop=15, epoch_based_training=False, lr=0.001, lr_decay=0.75, lr_gamma=0.0003, lr_scheduler=True, momentum=0.9, n_epoch=70, n_iter_per_epoch=300, num_workers=3, seed=1, src_domain='Product', tgt_domain='Clipart', transfer_loss='bnm', transfer_loss_weight=1.0, use_bottleneck=True, weight_decay=0.0005)
Epoch: [ 1/70], cls_loss: 2.2462, transfer_loss: -0.1383, total_Loss: 2.1079, test_loss 2.640987, test_acc: 39.4960
Epoch: [ 2/70], cls_loss: 0.9614, transfer_loss: -0.3052, total_Loss: 0.6562, test_loss 2.281536, test_acc: 46.0710
Epoch: [ 3/70], cls_loss: 0.5936, transfer_loss: -0.4155, total_Loss: 0.1781, test_loss 2.127910, test_acc: 49.0722
Epoch: [ 4/70], cls_loss: 0.4189, transfer_loss: -0.4852, total_Loss: -0.0663, test_loss 2.116919, test_acc: 49.5074
Epoch: [ 5/70], cls_loss: 0.3208, transfer_loss: -0.5374, total_Loss: -0.2166, test_loss 2.153603, test_acc: 50.1260
Epoch: [ 6/70], cls_loss: 0.2642, transfer_loss: -0.5776, total_Loss: -0.3133, test_loss 2.154265, test_acc: 50.4926
Epoch: [ 7/70], cls_loss: 0.2123, transfer_loss: -0.6131, total_Loss: -0.4008, test_loss 2.189468, test_acc: 50.9049
Epoch: [ 8/70], cls_loss: 0.1826, transfer_loss: -0.6337, total_Loss: -0.4512, test_loss 2.229115, test_acc: 51.5235
Epoch: [ 9/70], cls_loss: 0.1577, transfer_loss: -0.6530, total_Loss: -0.4953, test_loss 2.281867, test_acc: 51.5006
Epoch: [10/70], cls_loss: 0.1411, transfer_loss: -0.6724, total_Loss: -0.5313, test_loss 2.343530, test_acc: 51.8213
Epoch: [11/70], cls_loss: 0.1212, transfer_loss: -0.6910, total_Loss: -0.5698, test_loss 2.365118, test_acc: 51.9817
Epoch: [12/70], cls_loss: 0.1142, transfer_loss: -0.6962, total_Loss: -0.5819, test_loss 2.407501, test_acc: 51.8213
Epoch: [13/70], cls_loss: 0.1021, transfer_loss: -0.7083, total_Loss: -0.6062, test_loss 2.445426, test_acc: 52.3024
Epoch: [14/70], cls_loss: 0.0925, transfer_loss: -0.7180, total_Loss: -0.6255, test_loss 2.498808, test_acc: 52.3253
Epoch: [15/70], cls_loss: 0.0840, transfer_loss: -0.7247, total_Loss: -0.6407, test_loss 2.566041, test_acc: 52.0046
Epoch: [16/70], cls_loss: 0.0809, transfer_loss: -0.7308, total_Loss: -0.6499, test_loss 2.571659, test_acc: 51.7755
Epoch: [17/70], cls_loss: 0.0728, transfer_loss: -0.7378, total_Loss: -0.6650, test_loss 2.614357, test_acc: 52.0046
Epoch: [18/70], cls_loss: 0.0748, transfer_loss: -0.7435, total_Loss: -0.6687, test_loss 2.653735, test_acc: 52.6460
Epoch: [19/70], cls_loss: 0.0671, transfer_loss: -0.7506, total_Loss: -0.6835, test_loss 2.702278, test_acc: 52.1191
Epoch: [20/70], cls_loss: 0.0622, transfer_loss: -0.7582, total_Loss: -0.6959, test_loss 2.696973, test_acc: 52.2795
Epoch: [21/70], cls_loss: 0.0604, transfer_loss: -0.7605, total_Loss: -0.7001, test_loss 2.756553, test_acc: 52.0733
Epoch: [22/70], cls_loss: 0.0560, transfer_loss: -0.7612, total_Loss: -0.7052, test_loss 2.738195, test_acc: 52.4628
Epoch: [23/70], cls_loss: 0.0532, transfer_loss: -0.7662, total_Loss: -0.7130, test_loss 2.775126, test_acc: 52.6460
Epoch: [24/70], cls_loss: 0.0507, transfer_loss: -0.7701, total_Loss: -0.7194, test_loss 2.832768, test_acc: 52.6690
Epoch: [25/70], cls_loss: 0.0508, transfer_loss: -0.7730, total_Loss: -0.7222, test_loss 2.865909, test_acc: 52.4857
Epoch: [26/70], cls_loss: 0.0466, transfer_loss: -0.7768, total_Loss: -0.7302, test_loss 2.876544, test_acc: 52.6002
Epoch: [27/70], cls_loss: 0.0468, transfer_loss: -0.7779, total_Loss: -0.7311, test_loss 2.881030, test_acc: 52.6002
Epoch: [28/70], cls_loss: 0.0436, transfer_loss: -0.7840, total_Loss: -0.7404, test_loss 2.920672, test_acc: 52.4628
Epoch: [29/70], cls_loss: 0.0433, transfer_loss: -0.7858, total_Loss: -0.7425, test_loss 2.886851, test_acc: 52.7606
Epoch: [30/70], cls_loss: 0.0422, transfer_loss: -0.7856, total_Loss: -0.7433, test_loss 3.011233, test_acc: 52.5086
Epoch: [31/70], cls_loss: 0.0414, transfer_loss: -0.7858, total_Loss: -0.7444, test_loss 2.960994, test_acc: 52.5544
Epoch: [32/70], cls_loss: 0.0397, transfer_loss: -0.7904, total_Loss: -0.7508, test_loss 2.974524, test_acc: 52.9668
Epoch: [33/70], cls_loss: 0.0404, transfer_loss: -0.7913, total_Loss: -0.7509, test_loss 3.007923, test_acc: 52.5544
Epoch: [34/70], cls_loss: 0.0373, transfer_loss: -0.7927, total_Loss: -0.7554, test_loss 3.020501, test_acc: 52.9668
Epoch: [35/70], cls_loss: 0.0360, transfer_loss: -0.7954, total_Loss: -0.7595, test_loss 3.043314, test_acc: 52.7606
Epoch: [36/70], cls_loss: 0.0374, transfer_loss: -0.7946, total_Loss: -0.7572, test_loss 3.022121, test_acc: 53.0126
Epoch: [37/70], cls_loss: 0.0352, transfer_loss: -0.7980, total_Loss: -0.7628, test_loss 3.085172, test_acc: 52.8064
Epoch: [38/70], cls_loss: 0.0368, transfer_loss: -0.7962, total_Loss: -0.7594, test_loss 3.118098, test_acc: 52.5773
Epoch: [39/70], cls_loss: 0.0348, transfer_loss: -0.8002, total_Loss: -0.7654, test_loss 3.086333, test_acc: 52.7148
Epoch: [40/70], cls_loss: 0.0332, transfer_loss: -0.8041, total_Loss: -0.7709, test_loss 3.120893, test_acc: 52.5086
Epoch: [41/70], cls_loss: 0.0336, transfer_loss: -0.8029, total_Loss: -0.7694, test_loss 3.112543, test_acc: 52.5315
Epoch: [42/70], cls_loss: 0.0333, transfer_loss: -0.8038, total_Loss: -0.7705, test_loss 3.113614, test_acc: 53.1501
Epoch: [43/70], cls_loss: 0.0297, transfer_loss: -0.8043, total_Loss: -0.7746, test_loss 3.190425, test_acc: 52.8064
Epoch: [44/70], cls_loss: 0.0291, transfer_loss: -0.8060, total_Loss: -0.7768, test_loss 3.165419, test_acc: 52.8293
Epoch: [45/70], cls_loss: 0.0337, transfer_loss: -0.8051, total_Loss: -0.7714, test_loss 3.154018, test_acc: 52.9439
Epoch: [46/70], cls_loss: 0.0295, transfer_loss: -0.8055, total_Loss: -0.7760, test_loss 3.193880, test_acc: 52.9439
Epoch: [47/70], cls_loss: 0.0293, transfer_loss: -0.8047, total_Loss: -0.7754, test_loss 3.186192, test_acc: 53.3104
Epoch: [48/70], cls_loss: 0.0286, transfer_loss: -0.8104, total_Loss: -0.7819, test_loss 3.207804, test_acc: 52.9897
Epoch: [49/70], cls_loss: 0.0278, transfer_loss: -0.8075, total_Loss: -0.7797, test_loss 3.192541, test_acc: 53.1501
Epoch: [50/70], cls_loss: 0.0257, transfer_loss: -0.8130, total_Loss: -0.7873, test_loss 3.281532, test_acc: 53.1730
Epoch: [51/70], cls_loss: 0.0292, transfer_loss: -0.8118, total_Loss: -0.7826, test_loss 3.243814, test_acc: 53.1959
Epoch: [52/70], cls_loss: 0.0269, transfer_loss: -0.8133, total_Loss: -0.7864, test_loss 3.243967, test_acc: 53.2875
Epoch: [53/70], cls_loss: 0.0275, transfer_loss: -0.8119, total_Loss: -0.7844, test_loss 3.214359, test_acc: 53.4021
Epoch: [54/70], cls_loss: 0.0251, transfer_loss: -0.8116, total_Loss: -0.7865, test_loss 3.247894, test_acc: 53.3333
Epoch: [55/70], cls_loss: 0.0254, transfer_loss: -0.8118, total_Loss: -0.7865, test_loss 3.286046, test_acc: 52.9439
Epoch: [56/70], cls_loss: 0.0256, transfer_loss: -0.8190, total_Loss: -0.7933, test_loss 3.303519, test_acc: 53.2188
Epoch: [57/70], cls_loss: 0.0253, transfer_loss: -0.8136, total_Loss: -0.7884, test_loss 3.285990, test_acc: 53.1730
Epoch: [58/70], cls_loss: 0.0253, transfer_loss: -0.8139, total_Loss: -0.7886, test_loss 3.342838, test_acc: 53.4250
Epoch: [59/70], cls_loss: 0.0245, transfer_loss: -0.8150, total_Loss: -0.7906, test_loss 3.278155, test_acc: 53.5624
Epoch: [60/70], cls_loss: 0.0247, transfer_loss: -0.8212, total_Loss: -0.7965, test_loss 3.325732, test_acc: 53.2417
Epoch: [61/70], cls_loss: 0.0239, transfer_loss: -0.8193, total_Loss: -0.7955, test_loss 3.316501, test_acc: 53.2646
Epoch: [62/70], cls_loss: 0.0253, transfer_loss: -0.8141, total_Loss: -0.7888, test_loss 3.321210, test_acc: 53.3562
Epoch: [63/70], cls_loss: 0.0251, transfer_loss: -0.8211, total_Loss: -0.7960, test_loss 3.372955, test_acc: 53.6999
Epoch: [64/70], cls_loss: 0.0238, transfer_loss: -0.8194, total_Loss: -0.7957, test_loss 3.315289, test_acc: 53.4708
Epoch: [65/70], cls_loss: 0.0244, transfer_loss: -0.8222, total_Loss: -0.7978, test_loss 3.320384, test_acc: 53.4937
Epoch: [66/70], cls_loss: 0.0217, transfer_loss: -0.8200, total_Loss: -0.7982, test_loss 3.367481, test_acc: 53.4250
Epoch: [67/70], cls_loss: 0.0252, transfer_loss: -0.8217, total_Loss: -0.7965, test_loss 3.363213, test_acc: 53.2188
Epoch: [68/70], cls_loss: 0.0232, transfer_loss: -0.8215, total_Loss: -0.7983, test_loss 3.391071, test_acc: 53.1959
Epoch: [69/70], cls_loss: 0.0229, transfer_loss: -0.8232, total_Loss: -0.8003, test_loss 3.363402, test_acc: 53.6082
Epoch: [70/70], cls_loss: 0.0236, transfer_loss: -0.8221, total_Loss: -0.7985, test_loss 3.417114, test_acc: 53.2875
Transfer result: 53.6999
